# JRE version: OpenJDK Runtime Environment (8.0_152-b01) (build 1.8.0_152-release-1248-b01)
# Java VM: OpenJDK 64-Bit Server VM (25.152-b01 mixed mode windows-amd64 compressed oops)
Heap:
 PSYoungGen      total 92672K, used 9708K [0x00000000e0000000, 0x00000000e7e80000, 0x0000000100000000)
  eden space 82944K, 0% used [0x00000000e0000000,0x00000000e0000000,0x00000000e5100000)
  from space 9728K, 99% used [0x00000000e5100000,0x00000000e5a7b068,0x00000000e5a80000)
  to   space 11264K, 0% used [0x00000000e7380000,0x00000000e7380000,0x00000000e7e80000)
 ParOldGen       total 37376K, used 11112K [0x00000000a0000000, 0x00000000a2480000, 0x00000000e0000000)
  object space 37376K, 29% used [0x00000000a0000000,0x00000000a0ada048,0x00000000a2480000)
 Metaspace       used 34753K, capacity 35346K, committed 35496K, reserved 1079296K
  class space    used 4824K, capacity 5029K, committed 5040K, reserved 1048576K
GC Heap History (10 events):
Event: 23.637 GC heap after
Heap after GC invocations=8 (full 0):
 PSYoungGen      total 71168K, used 6639K [0x00000000e0000000, 0x00000000e4e00000, 0x0000000100000000)
  eden space 64000K, 0% used [0x00000000e0000000,0x00000000e0000000,0x00000000e3e80000)
  from space 7168K, 92% used [0x00000000e4600000,0x00000000e4c7bcd0,0x00000000e4d00000)
  to   space 7680K, 0% used [0x00000000e3e80000,0x00000000e3e80000,0x00000000e4600000)
 ParOldGen       total 44032K, used 6561K [0x00000000a0000000, 0x00000000a2b00000, 0x00000000e0000000)
  object space 44032K, 14% used [0x00000000a0000000,0x00000000a06687d0,0x00000000a2b00000)
 Metaspace       used 20841K, capacity 21238K, committed 21296K, reserved 1067008K
  class space    used 2914K, capacity 3085K, committed 3120K, reserved 1048576K
}
Event: 23.637 GC heap before
{Heap before GC invocations=9 (full 1):
 PSYoungGen      total 71168K, used 6639K [0x00000000e0000000, 0x00000000e4e00000, 0x0000000100000000)
  eden space 64000K, 0% used [0x00000000e0000000,0x00000000e0000000,0x00000000e3e80000)
  from space 7168K, 92% used [0x00000000e4600000,0x00000000e4c7bcd0,0x00000000e4d00000)
  to   space 7680K, 0% used [0x00000000e3e80000,0x00000000e3e80000,0x00000000e4600000)
 ParOldGen       total 44032K, used 6561K [0x00000000a0000000, 0x00000000a2b00000, 0x00000000e0000000)
  object space 44032K, 14% used [0x00000000a0000000,0x00000000a06687d0,0x00000000a2b00000)
 Metaspace       used 20841K, capacity 21238K, committed 21296K, reserved 1067008K
  class space    used 2914K, capacity 3085K, committed 3120K, reserved 1048576K
Event: 23.871 GC heap after
Heap after GC invocations=9 (full 1):
 PSYoungGen      total 71168K, used 0K [0x00000000e0000000, 0x00000000e4e00000, 0x0000000100000000)
  eden space 64000K, 0% used [0x00000000e0000000,0x00000000e0000000,0x00000000e3e80000)
  from space 7168K, 0% used [0x00000000e4600000,0x00000000e4600000,0x00000000e4d00000)
  to   space 7680K, 0% used [0x00000000e3e80000,0x00000000e3e80000,0x00000000e4600000)
 ParOldGen       total 37376K, used 10594K [0x00000000a0000000, 0x00000000a2480000, 0x00000000e0000000)
  object space 37376K, 28% used [0x00000000a0000000,0x00000000a0a58b50,0x00000000a2480000)
 Metaspace       used 20841K, capacity 21238K, committed 21296K, reserved 1067008K
  class space    used 2914K, capacity 3085K, committed 3120K, reserved 1048576K
}
Event: 30.606 GC heap before
{Heap before GC invocations=10 (full 1):
 PSYoungGen      total 71168K, used 64000K [0x00000000e0000000, 0x00000000e4e00000, 0x0000000100000000)
  eden space 64000K, 100% used [0x00000000e0000000,0x00000000e3e80000,0x00000000e3e80000)
  from space 7168K, 0% used [0x00000000e4600000,0x00000000e4600000,0x00000000e4d00000)
  to   space 7680K, 0% used [0x00000000e3e80000,0x00000000e3e80000,0x00000000e4600000)
 ParOldGen       total 37376K, used 10594K [0x00000000a0000000, 0x00000000a2480000, 0x00000000e0000000)
  object space 37376K, 28% used [0x00000000a0000000,0x00000000a0a58b50,0x00000000a2480000)
 Metaspace       used 27241K, capacity 27716K, committed 27952K, reserved 1073152K
  class space    used 3702K, capacity 3872K, committed 3888K, reserved 1048576K
Event: 30.659 GC heap after
Heap after GC invocations=10 (full 1):
 PSYoungGen      total 71680K, used 7235K [0x00000000e0000000, 0x00000000e6300000, 0x0000000100000000)
  eden space 64000K, 0% used [0x00000000e0000000,0x00000000e0000000,0x00000000e3e80000)
  from space 7680K, 94% used [0x00000000e3e80000,0x00000000e4590d00,0x00000000e4600000)
  to   space 8704K, 0% used [0x00000000e5a80000,0x00000000e5a80000,0x00000000e6300000)
 ParOldGen       total 37376K, used 10602K [0x00000000a0000000, 0x00000000a2480000, 0x00000000e0000000)
  object space 37376K, 28% used [0x00000000a0000000,0x00000000a0a5ab50,0x00000000a2480000)
 Metaspace       used 27241K, capacity 27716K, committed 27952K, reserved 1073152K
  class space    used 3702K, capacity 3872K, committed 3888K, reserved 1048576K
}
Event: 36.024 GC heap before
{Heap before GC invocations=11 (full 1):
 PSYoungGen      total 71680K, used 71235K [0x00000000e0000000, 0x00000000e6300000, 0x0000000100000000)
  eden space 64000K, 100% used [0x00000000e0000000,0x00000000e3e80000,0x00000000e3e80000)
  from space 7680K, 94% used [0x00000000e3e80000,0x00000000e4590d00,0x00000000e4600000)
  to   space 8704K, 0% used [0x00000000e5a80000,0x00000000e5a80000,0x00000000e6300000)
 ParOldGen       total 37376K, used 10602K [0x00000000a0000000, 0x00000000a2480000, 0x00000000e0000000)
  object space 37376K, 28% used [0x00000000a0000000,0x00000000a0a5ab50,0x00000000a2480000)
 Metaspace       used 30496K, capacity 30960K, committed 31152K, reserved 1075200K
  class space    used 4218K, capacity 4419K, committed 4528K, reserved 1048576K
Event: 36.052 GC heap after
Heap after GC invocations=11 (full 1):
 PSYoungGen      total 91648K, used 8644K [0x00000000e0000000, 0x00000000e6400000, 0x0000000100000000)
  eden space 82944K, 0% used [0x00000000e0000000,0x00000000e0000000,0x00000000e5100000)
  from space 8704K, 99% used [0x00000000e5a80000,0x00000000e62f1158,0x00000000e6300000)
  to   space 9728K, 0% used [0x00000000e5100000,0x00000000e5100000,0x00000000e5a80000)
 ParOldGen       total 37376K, used 10610K [0x00000000a0000000, 0x00000000a2480000, 0x00000000e0000000)
  object space 37376K, 28% used [0x00000000a0000000,0x00000000a0a5cb50,0x00000000a2480000)
 Metaspace       used 30496K, capacity 30960K, committed 31152K, reserved 1075200K
  class space    used 4218K, capacity 4419K, committed 4528K, reserved 1048576K
}
Event: 40.678 GC heap before
{Heap before GC invocations=12 (full 1):
 PSYoungGen      total 91648K, used 48602K [0x00000000e0000000, 0x00000000e6400000, 0x0000000100000000)
  eden space 82944K, 48% used [0x00000000e0000000,0x00000000e2705870,0x00000000e5100000)
  from space 8704K, 99% used [0x00000000e5a80000,0x00000000e62f1158,0x00000000e6300000)
  to   space 9728K, 0% used [0x00000000e5100000,0x00000000e5100000,0x00000000e5a80000)
 ParOldGen       total 37376K, used 10610K [0x00000000a0000000, 0x00000000a2480000, 0x00000000e0000000)
  object space 37376K, 28% used [0x00000000a0000000,0x00000000a0a5cb50,0x00000000a2480000)
 Metaspace       used 34753K, capacity 35346K, committed 35496K, reserved 1079296K
  class space    used 4824K, capacity 5029K, committed 5040K, reserved 1048576K
Event: 40.717 GC heap after
Heap after GC invocations=12 (full 1):
 PSYoungGen      total 92672K, used 9708K [0x00000000e0000000, 0x00000000e7e80000, 0x0000000100000000)
  eden space 82944K, 0% used [0x00000000e0000000,0x00000000e0000000,0x00000000e5100000)
  from space 9728K, 99% used [0x00000000e5100000,0x00000000e5a7b068,0x00000000e5a80000)
  to   space 11264K, 0% used [0x00000000e7380000,0x00000000e7380000,0x00000000e7e80000)
 ParOldGen       total 37376K, used 11112K [0x00000000a0000000, 0x00000000a2480000, 0x00000000e0000000)
  object space 37376K, 29% used [0x00000000a0000000,0x00000000a0ada048,0x00000000a2480000)
 Metaspace       used 34753K, capacity 35346K, committed 35496K, reserved 1079296K
  class space    used 4824K, capacity 5029K, committed 5040K, reserved 1048576K
}
Event: 40.717 GC heap before
{Heap before GC invocations=13 (full 2):
 PSYoungGen      total 92672K, used 9708K [0x00000000e0000000, 0x00000000e7e80000, 0x0000000100000000)
  eden space 82944K, 0% used [0x00000000e0000000,0x00000000e0000000,0x00000000e5100000)
  from space 9728K, 99% used [0x00000000e5100000,0x00000000e5a7b068,0x00000000e5a80000)
  to   space 11264K, 0% used [0x00000000e7380000,0x00000000e7380000,0x00000000e7e80000)
 ParOldGen       total 37376K, used 11112K [0x00000000a0000000, 0x00000000a2480000, 0x00000000e0000000)
  object space 37376K, 29% used [0x00000000a0000000,0x00000000a0ada048,0x00000000a2480000)
 Metaspace       used 34753K, capacity 35346K, committed 35496K, reserved 1079296K
  class space    used 4824K, capacity 5029K, committed 5040K, reserved 1048576K

